Arguments: 
  /Users/stephaniecherubin/.nvm/versions/node/v8.11.1/bin/node /usr/local/Cellar/yarn/1.15.2/libexec/bin/yarn.js install

PATH: 
  /Users/stephaniecherubin/.rvm/gems/ruby-2.4.1/bin:/Users/stephaniecherubin/.rvm/gems/ruby-2.4.1@global/bin:/Users/stephaniecherubin/.rvm/rubies/ruby-2.4.1/bin:/Users/stephaniecherubin/.nvm/versions/node/v8.11.1/bin:/usr/local/opt/postgresql@9.6/bin:/usr/local/bin:/usr/bin:/bin:/usr/sbin:/sbin:/Applications/Visual Studio Code.app/Contents/Resources/app/bin:/Users/stephaniecherubin/.rvm/bin

Yarn version: 
  1.15.2

Node version: 
  8.11.1

Platform: 
  darwin x64

Trace: 
  Error: ENOENT: no such file or directory, copyfile '/Users/stephaniecherubin/Library/Caches/Yarn/v4/npm-ms-2.1.1-30a5864eb3ebb0a66f2ebe6d727af06a09d86e0a/node_modules/ms/license.md' -> '/Users/stephaniecherubin/sites/courses/Back-End-Web/LetsGetGiffy/node_modules/mongoose/node_modules/ms/license.md'

npm manifest: 
  {
    "name": "giph-search",
    "version": "1.0.0",
    "description": "",
    "main": "app.js",
    "scripts": {
      "start": "node app.js"
    },
    "author": "",
    "license": "ISC",
    "dependencies": {
      "express": "^4.16.3",
      "express-handlebars": "^3.0.0",
      "giphy-api": "^1.2.7",
      "mongoose": "^5.3.3"
      },
    "engines": {
        "node": "8.11.1"
    }
  }

yarn manifest: 
  No manifest

Lockfile: 
  No lockfile
